<?xml version="1.0" encoding="UTF-8"?>
<!-- Generated by org.testng.reporters.JUnitXMLReporter -->
<testsuite ignored="0" hostname="LAPTOP-NT85T9R6" failures="0" tests="0" name="Linux-Firefox" time="0.892" errors="0" timestamp="2024-09-24T12:02:55 IST">
  <testcase classname="testbase.baseClass" name="@AfterClass teardown" time="0.007">
    <failure type="java.lang.NullPointerException" message="Cannot invoke &amp;quot;org.openqa.selenium.WebDriver.quit()&amp;quot; because &amp;quot;testbase.baseClass.driver&amp;quot; is null">
      <![CDATA[java.lang.NullPointerException: Cannot invoke "org.openqa.selenium.WebDriver.quit()" because "testbase.baseClass.driver" is null
at testbase.baseClass.teardown(baseClass.java:111)
at java.base/java.util.ArrayList.forEach(ArrayList.java:1511)
... Removed 24 stack frames]]>
    </failure>
  </testcase> <!-- @AfterClass teardown -->
</testsuite> <!-- Linux-Firefox -->
