<?xml version="1.0" encoding="UTF-8"?>
<testng-results ignored="0" total="1" passed="1" failed="0" skipped="0">
  <reporter-output>
  </reporter-output>
  <suite started-at="2024-09-01T16:24:32 IST" name="master" finished-at="2024-09-01T16:24:42 IST" duration-ms="9865">
    <groups>
    </groups>
    <test started-at="2024-09-01T16:24:32 IST" name="Test" finished-at="2024-09-01T16:24:42 IST" duration-ms="9865">
      <class name="testcases.loginTestcase_001">
        <test-method is-config="true" signature="setup(java.lang.String,java.lang.String)[pri:0, instance:testcases.loginTestcase_001@340da44c]" started-at="2024-09-01T16:24:32 IST" name="setup" finished-at="2024-09-01T16:24:37 IST" duration-ms="5370" status="PASS">
          <params>
            <param index="0">
              <value>
                <![CDATA[Windows]]>
              </value>
            </param>
            <param index="1">
              <value>
                <![CDATA[edge]]>
              </value>
            </param>
          </params>
          <reporter-output>
          </reporter-output>
        </test-method> <!-- setup -->
        <test-method signature="testlogin()[pri:0, instance:testcases.loginTestcase_001@340da44c]" started-at="2024-09-01T16:24:37 IST" name="testlogin" finished-at="2024-09-01T16:24:40 IST" duration-ms="2698" status="PASS">
          <reporter-output>
          </reporter-output>
        </test-method> <!-- testlogin -->
        <test-method is-config="true" signature="teardown()[pri:0, instance:testcases.loginTestcase_001@340da44c]" started-at="2024-09-01T16:24:40 IST" name="teardown" finished-at="2024-09-01T16:24:42 IST" duration-ms="1730" status="PASS">
          <reporter-output>
          </reporter-output>
        </test-method> <!-- teardown -->
      </class> <!-- testcases.loginTestcase_001 -->
    </test> <!-- Test -->
  </suite> <!-- master -->
</testng-results>
