<?xml version="1.0" encoding="UTF-8"?>
<!-- Generated by org.testng.reporters.JUnitXMLReporter -->
<testsuite ignored="3" hostname="LAPTOP-NT85T9R6" failures="0" tests="1" name="Test" time="26.824" errors="0" timestamp="2024-11-26T21:57:46 IST">
  <testcase classname="testcases.loginTestcase_001" name="testlogin" time="18.904"/>
  <testcase classname="testcases.homepage_tc002" name="homepagetest" time="0.0">
    <ignored/>
  </testcase> <!-- homepagetest -->
  <testcase classname="testcases.craeteorg_tc004" name="craeteorg_tc004" time="0.0">
    <ignored/>
  </testcase> <!-- craeteorg_tc004 -->
  <testcase classname="testcases.loginddt" name="testloginddt" time="0.0">
    <ignored/>
  </testcase> <!-- testloginddt -->
</testsuite> <!-- Test -->
